<?xml version="1.0" encoding="UTF-8"?>
<!-- Generated by org.testng.reporters.JUnitReportReporter -->
<testsuite hostname="Vietnam-4665" failures="0" tests="1" name="orangeHRM.NavigateAdminPageTest" time="11.815" errors="0" timestamp="2023-05-16T09:26:33 ICT" skipped="0">
  <testcase classname="orangeHRM.NavigateAdminPageTest" name="NavigateAdminPage" time="11.815"/>
  <system-out/>
</testsuite> <!-- orangeHRM.NavigateAdminPageTest -->
