<?xml version="1.0" encoding="UTF-8"?>
<!-- Generated by org.testng.reporters.JUnitReportReporter -->
<testsuite hostname="Vietnam-4665" failures="0" tests="1" name="orangeHRM.PrintAccountNameTest" time="12.583" errors="0" timestamp="2023-05-16T15:08:05 ICT" skipped="0">
  <testcase classname="orangeHRM.PrintAccountNameTest" name="PrintAccountName" time="12.583"/>
  <system-out/>
</testsuite> <!-- orangeHRM.PrintAccountNameTest -->
