<?xml version="1.0" encoding="UTF-8"?>
<!-- Generated by org.testng.reporters.JUnitReportReporter -->
<testsuite hostname="Vietnam-4665" failures="0" tests="1" name="orangeHRM.LoginAdminAccountTest" time="10.404" errors="0" timestamp="2023-05-16T09:26:07 ICT" skipped="0">
  <testcase classname="orangeHRM.LoginAdminAccountTest" name="loginAdminAccount" time="10.404"/>
  <system-out/>
</testsuite> <!-- orangeHRM.LoginAdminAccountTest -->
