<?xml version="1.0" encoding="UTF-8"?>
<!-- Generated by org.testng.reporters.JUnitReportReporter -->
<testsuite hostname="Vietnam-4665" failures="0" tests="1" name="OrangeHRM_Duy.TestLoginAdmin" time="5.060" errors="0" timestamp="2023-05-18T15:54:35 ICT" skipped="0">
  <testcase classname="OrangeHRM_Duy.TestLoginAdmin" name="testLogin" time="5.060"/>
  <system-out/>
</testsuite> <!-- OrangeHRM_Duy.TestLoginAdmin -->
